<?xml version="1.0" encoding="UTF-8"?>
<!-- Generated by org.testng.reporters.JUnitReportReporter -->
<testsuite hostname="DESKTOP-PLICNIS" failures="0" tests="1" name="MagentoWebsiteTest" time="13.942" errors="0" timestamp="2024-09-04T12:25:06 EET" skipped="0">
  <testcase classname="MagentoWebsiteTest" name="addWomenItems" time="13.942"/>
  <system-out/>
</testsuite> <!-- MagentoWebsiteTest -->
